<?xml version="1.0" encoding="UTF-8"?>
<testng-results ignored="0" total="1" passed="1" failed="0" skipped="0">
  <reporter-output>
  </reporter-output>
  <suite started-at="2020-05-16T23:02:40Z" name="Surefire suite" finished-at="2020-05-16T23:02:41Z" duration-ms="486">
    <groups>
    </groups>
    <test started-at="2020-05-16T23:02:40Z" name="Surefire test" finished-at="2020-05-16T23:02:41Z" duration-ms="486">
      <class name="org.example.AppTest">
        <test-method signature="shouldAnswerWithTrue()" started-at="2020-05-16T23:02:40Z" name="shouldAnswerWithTrue" finished-at="2020-05-16T23:02:40Z" duration-ms="54" status="PASS">
          <reporter-output>
          </reporter-output>
        </test-method> <!-- shouldAnswerWithTrue -->
      </class> <!-- org.example.AppTest -->
    </test> <!-- Surefire test -->
  </suite> <!-- Surefire suite -->
</testng-results>
