<?xml version="1.0" encoding="UTF-8"?>
<testsuite xmlns:xsi="http://www.w3.org/2001/XMLSchema-instance" xsi:noNamespaceSchemaLocation="https://maven.apache.org/surefire/maven-surefire-plugin/xsd/surefire-test-report.xsd" name="TestSuite" time="2.496" tests="2" errors="0" skipped="0" failures="1">
  <properties>
[...]
</properties>
  <testcase name="CreateTweet" classname="TestCase.TwitterSecondTest" time="1.275">
    <failure message="com/github/scribejava/core/model/AbstractRequest" type="java.lang.NoClassDefFoundError">java.lang.NoClassDefFoundError: com/github/scribejava/core/model/AbstractRequest
	at TestCase.TwitterSecondTest.CreateTweet(TwitterSecondTest.java:29)
Caused by: java.lang.ClassNotFoundException: com.github.scribejava.core.model.AbstractRequest
	at TestCase.TwitterSecondTest.CreateTweet(TwitterSecondTest.java:29)
</failure>
    <system-out><![CDATA[Request method:	POST
Request URI:	https://api.twitter.com/1.1/statuses/update.json?status=Twitter%20API%20Testing
Proxy:			<none>
Request params:	<none>
Query params:	status=Twitter API Testing
Form params:	<none>
Path params:	<none>
Headers:		Accept=*/*
				Content-Type=application/x-www-form-urlencoded; charset=ISO-8859-1
Cookies:		<none>
Multiparts:		<none>
Body:			<none>
]]></system-out>
  </testcase>
  <testcase name="shouldAnswerWithTrue on shouldAnswerWithTrue(org.example.AppTest)" classname="org.example.AppTest" time="0"/>
</testsuite>